Time[ps]      Etot[eV]     Epot[eV]     Ekin[eV]    T[K]
0.0000        -2720.170    -2720.170        0.000     0.0
2.0000        -2630.171    -2673.861       43.689  1207.1
4.0000        -2628.632    -2672.674       44.042  1216.9
6.0000        -2628.973    -2672.948       43.975  1215.0
8.0000        -2629.215    -2674.635       45.420  1255.0
10.0000       -2628.685    -2676.369       47.684  1317.5
12.0000       -2629.462    -2677.479       48.018  1326.7
14.0000       -2629.792    -2674.259       44.467  1228.6
16.0000       -2629.175    -2675.981       46.806  1293.2
18.0000       -2629.996    -2678.844       48.848  1349.6
20.0000       -2629.845    -2673.338       43.494  1201.7
22.0000       -2629.782    -2678.476       48.694  1345.4
24.0000       -2631.206    -2675.860       44.654  1233.8
26.0000       -2631.267    -2678.633       47.366  1308.7
28.0000       -2631.363    -2679.453       48.090  1328.7
30.0000       -2631.308    -2677.163       45.855  1267.0
32.0000       -2631.235    -2675.312       44.077  1217.8
34.0000       -2631.184    -2678.406       47.222  1304.7
36.0000       -2631.292    -2676.909       45.617  1260.4
38.0000       -2630.354    -2675.888       45.534  1258.1
40.0000       -2631.132    -2676.668       45.536  1258.1
42.0000       -2630.645    -2677.787       47.142  1302.5
44.0000       -2630.756    -2677.186       46.430  1282.8
46.0000       -2631.991    -2676.940       44.948  1241.9
48.0000       -2631.792    -2676.088       44.296  1223.9
50.0000       -2631.677    -2677.253       45.576  1259.3
52.0000       -2631.384    -2677.521       46.137  1274.8
54.0000       -2631.123    -2677.382       46.259  1278.1
56.0000       -2631.453    -2677.073       45.620  1260.5
58.0000       -2631.574    -2678.611       47.037  1299.6
60.0000       -2630.756    -2674.981       44.225  1221.9
62.0000       -2630.948    -2676.559       45.611  1260.2
64.0000       -2631.151    -2680.738       49.587  1370.1
66.0000       -2630.915    -2677.543       46.627  1288.3
68.0000       -2631.509    -2674.272       42.762  1181.5
70.0000       -2631.625    -2677.840       46.216  1276.9
72.0000       -2631.487    -2679.879       48.392  1337.1
74.0000       -2631.486    -2674.482       42.995  1188.0
76.0000       -2631.561    -2676.670       45.109  1246.3
78.0000       -2632.369    -2679.897       47.528  1313.2
80.0000       -2632.000    -2679.196       47.196  1304.0
82.0000       -2632.318    -2677.464       45.146  1247.4
84.0000       -2632.137    -2677.979       45.842  1266.6
86.0000       -2631.671    -2677.356       45.685  1262.3
88.0000       -2632.277    -2678.606       46.330  1280.1
90.0000       -2632.432    -2677.438       45.005  1243.5
92.0000       -2632.239    -2677.129       44.891  1240.3
94.0000       -2631.477    -2678.524       47.047  1299.9
96.0000       -2631.670    -2678.372       46.701  1290.3
98.0000       -2631.438    -2677.930       46.492  1284.6
100.0000      -2632.017    -2677.532       45.515  1257.6
102.0000      -2632.146    -2676.355       44.209  1221.5
104.0000      -2632.431    -2678.515       46.083  1273.3
106.0000      -2632.337    -2678.867       46.531  1285.6
108.0000      -2631.520    -2675.209       43.689  1207.1
110.0000      -2631.347    -2677.771       46.424  1282.7
112.0000      -2631.647    -2679.805       48.158  1330.6
114.0000      -2632.494    -2678.197       45.704  1262.8
116.0000      -2632.630    -2679.251       46.621  1288.1
118.0000      -2632.234    -2675.742       43.508  1202.1
120.0000      -2631.761    -2678.439       46.678  1289.7
122.0000      -2631.213    -2676.471       45.258  1250.5
124.0000      -2631.278    -2677.698       46.420  1282.6
126.0000      -2631.457    -2676.760       45.303  1251.7
128.0000      -2631.937    -2678.705       46.767  1292.2
130.0000      -2632.576    -2677.515       44.939  1241.6
132.0000      -2633.365    -2677.004       43.639  1205.7
134.0000      -2633.160    -2678.678       45.518  1257.6
136.0000      -2632.997    -2680.766       47.769  1319.8
138.0000      -2633.513    -2681.936       48.422  1337.9
140.0000      -2632.990    -2679.009       46.019  1271.5
142.0000      -2633.854    -2678.416       44.562  1231.2
144.0000      -2633.191    -2678.029       44.838  1238.9
146.0000      -2633.556    -2680.084       46.527  1285.5
148.0000      -2633.690    -2680.213       46.523  1285.4
150.0000      -2633.910    -2680.239       46.329  1280.1
152.0000      -2634.056    -2678.760       44.704  1235.2
154.0000      -2633.660    -2678.717       45.057  1244.9
156.0000      -2634.157    -2682.312       48.155  1330.5
158.0000      -2634.234    -2682.591       48.358  1336.1
160.0000      -2634.190    -2678.564       44.374  1226.0
162.0000      -2634.306    -2680.454       46.148  1275.1
164.0000      -2633.789    -2680.225       46.436  1283.0
166.0000      -2633.819    -2677.822       44.003  1215.8
168.0000      -2634.028    -2678.384       44.356  1225.5
170.0000      -2633.504    -2678.211       44.708  1235.3
172.0000      -2633.163    -2680.137       46.975  1297.9
174.0000      -2633.138    -2678.399       45.260  1250.5
176.0000      -2633.640    -2680.965       47.325  1307.6
178.0000      -2633.743    -2682.294       48.551  1341.5
180.0000      -2633.586    -2681.431       47.846  1322.0
182.0000      -2633.555    -2679.212       45.657  1261.5
184.0000      -2633.725    -2676.874       43.149  1192.2
186.0000      -2633.764    -2682.890       49.126  1357.3
188.0000      -2633.991    -2679.782       45.791  1265.2
190.0000      -2633.826    -2682.713       48.887  1350.7
192.0000      -2633.796    -2680.993       47.197  1304.1
194.0000      -2633.285    -2678.502       45.217  1249.3
196.0000      -2632.750    -2677.846       45.096  1246.0
198.0000      -2632.831    -2681.014       48.182  1331.3
200.0000      -2632.832    -2679.155       46.323  1279.9
202.0000      -2632.668    -2677.346       44.677  1234.4
204.0000      -2633.265    -2680.829       47.564  1314.2
206.0000      -2632.983    -2675.277       42.294  1168.6
208.0000      -2633.357    -2681.569       48.212  1332.1
210.0000      -2633.199    -2683.149       49.950  1380.1
212.0000      -2633.009    -2679.757       46.749  1291.7
214.0000      -2633.993    -2681.676       47.683  1317.5
216.0000      -2634.259    -2681.437       47.178  1303.5
218.0000      -2633.712    -2678.726       45.014  1243.7
220.0000      -2633.589    -2680.238       46.649  1288.9
222.0000      -2633.628    -2677.582       43.954  1214.4
224.0000      -2633.674    -2680.177       46.503  1284.9
226.0000      -2633.951    -2682.760       48.810  1348.6
228.0000      -2633.945    -2677.381       43.436  1200.1
230.0000      -2633.400    -2681.045       47.646  1316.4
232.0000      -2633.753    -2682.349       48.596  1342.7
234.0000      -2633.348    -2680.770       47.421  1310.2
236.0000      -2632.749    -2679.012       46.263  1278.2
238.0000      -2633.763    -2682.640       48.877  1350.5
240.0000      -2633.503    -2677.103       43.601  1204.7
242.0000      -2633.582    -2679.135       45.553  1258.6
244.0000      -2634.302    -2681.312       47.010  1298.9
246.0000      -2633.240    -2678.177       44.937  1241.6
248.0000      -2633.482    -2681.658       48.175  1331.1
250.0000      -2633.011    -2678.254       45.243  1250.1
252.0000      -2633.669    -2680.488       46.818  1293.6
254.0000      -2633.134    -2678.604       45.470  1256.3
256.0000      -2632.782    -2678.580       45.797  1265.4
258.0000      -2633.522    -2677.664       44.142  1219.6
260.0000      -2633.246    -2682.578       49.332  1363.0
262.0000      -2633.626    -2679.682       46.057  1272.5
264.0000      -2633.756    -2682.243       48.486  1339.7
266.0000      -2633.267    -2681.704       48.437  1338.3
268.0000      -2633.070    -2676.225       43.155  1192.4
270.0000      -2633.448    -2679.607       46.159  1275.4
272.0000      -2633.548    -2679.084       45.536  1258.1
274.0000      -2633.116    -2681.790       48.674  1344.9
276.0000      -2633.482    -2677.400       43.918  1213.4
278.0000      -2632.639    -2679.278       46.638  1288.6
280.0000      -2633.400    -2680.996       47.597  1315.1
282.0000      -2633.103    -2676.954       43.851  1211.6
284.0000      -2633.345    -2678.912       45.567  1259.0
286.0000      -2634.063    -2678.382       44.319  1224.5
288.0000      -2633.979    -2679.909       45.931  1269.1
290.0000      -2633.537    -2679.413       45.876  1267.5
292.0000      -2633.950    -2682.256       48.306  1334.7
294.0000      -2634.010    -2678.073       44.063  1217.4
296.0000      -2633.947    -2678.022       44.075  1217.8
298.0000      -2633.673    -2679.642       45.970  1270.1
300.0000      -2634.171    -2677.437       43.266  1195.4
302.0000      -2633.677    -2680.599       46.922  1296.5
304.0000      -2634.082    -2679.003       44.921  1241.2
306.0000      -2633.762    -2680.954       47.192  1303.9
308.0000      -2634.521    -2681.979       47.458  1311.3
310.0000      -2634.289    -2679.418       45.129  1246.9
312.0000      -2633.300    -2680.578       47.278  1306.3
314.0000      -2634.288    -2680.348       46.060  1272.6
316.0000      -2634.625    -2681.182       46.557  1286.4
318.0000      -2634.052    -2681.002       46.950  1297.2
320.0000      -2634.039    -2679.004       44.965  1242.4
322.0000      -2634.712    -2680.635       45.923  1268.9
324.0000      -2634.437    -2681.976       47.539  1313.5
326.0000      -2634.699    -2679.662       44.962  1242.3
328.0000      -2635.467    -2680.625       45.158  1247.7
330.0000      -2633.784    -2682.234       48.450  1338.7
332.0000      -2632.840    -2676.271       43.432  1200.0
334.0000      -2633.253    -2677.724       44.471  1228.7
336.0000      -2633.133    -2678.967       45.834  1266.4
338.0000      -2634.053    -2681.679       47.625  1315.9
340.0000      -2633.928    -2680.445       46.517  1285.3
342.0000      -2634.366    -2679.929       45.563  1258.9
344.0000      -2634.415    -2682.969       48.554  1341.5
346.0000      -2634.437    -2680.011       45.574  1259.2
348.0000      -2634.293    -2677.018       42.725  1180.5
350.0000      -2635.309    -2679.867       44.559  1231.1
352.0000      -2634.888    -2681.741       46.853  1294.5
354.0000      -2634.843    -2678.706       43.864  1211.9
356.0000      -2634.981    -2681.736       46.754  1291.8
358.0000      -2635.103    -2680.939       45.836  1266.4
360.0000      -2635.036    -2680.954       45.918  1268.7
362.0000      -2635.157    -2683.215       48.059  1327.8
364.0000      -2635.501    -2682.812       47.312  1307.2
366.0000      -2634.557    -2679.165       44.609  1232.5
368.0000      -2633.929    -2678.023       44.093  1218.3
370.0000      -2635.250    -2681.573       46.323  1279.9
372.0000      -2635.854    -2683.118       47.264  1305.9
374.0000      -2634.779    -2680.117       45.338  1252.7
376.0000      -2634.953    -2679.359       44.406  1226.9
378.0000      -2635.422    -2682.905       47.483  1311.9
380.0000      -2634.961    -2682.513       47.553  1313.9
382.0000      -2635.041    -2684.454       49.413  1365.3
384.0000      -2634.474    -2681.128       46.654  1289.1
386.0000      -2634.730    -2679.940       45.210  1249.1
388.0000      -2635.173    -2680.832       45.659  1261.6
390.0000      -2634.916    -2679.324       44.408  1227.0
392.0000      -2634.491    -2678.914       44.423  1227.4
394.0000      -2634.941    -2683.018       48.077  1328.4
396.0000      -2634.192    -2680.397       46.205  1276.6
398.0000      -2634.267    -2682.371       48.104  1329.1
400.0000      -2634.438    -2679.459       45.021  1243.9
402.0000      -2633.671    -2680.167       46.495  1284.7
404.0000      -2633.866    -2680.317       46.451  1283.4
406.0000      -2634.914    -2683.819       48.905  1351.2
408.0000      -2634.209    -2681.228       47.020  1299.1
410.0000      -2634.827    -2682.830       48.003  1326.3
412.0000      -2634.679    -2684.341       49.662  1372.2
414.0000      -2634.466    -2682.034       47.567  1314.3
416.0000      -2634.857    -2683.130       48.273  1333.8
418.0000      -2635.838    -2684.142       48.305  1334.6
420.0000      -2635.680    -2680.523       44.844  1239.0
422.0000      -2635.247    -2681.568       46.321  1279.8
424.0000      -2635.263    -2683.409       48.146  1330.3
426.0000      -2635.521    -2682.062       46.541  1285.9
428.0000      -2636.058    -2681.728       45.669  1261.8
430.0000      -2635.545    -2681.400       45.855  1267.0
432.0000      -2635.633    -2682.538       46.904  1296.0
434.0000      -2635.874    -2684.111       48.237  1332.8
436.0000      -2636.321    -2679.916       43.595  1204.5
438.0000      -2635.680    -2682.820       47.140  1302.5
440.0000      -2635.834    -2684.302       48.468  1339.2
442.0000      -2635.489    -2682.107       46.618  1288.0
444.0000      -2635.505    -2684.965       49.459  1366.6
446.0000      -2635.599    -2681.779       46.180  1275.9
448.0000      -2634.592    -2681.391       46.799  1293.0
450.0000      -2635.162    -2681.542       46.379  1281.5
452.0000      -2634.516    -2680.374       45.858  1267.1
454.0000      -2635.382    -2682.075       46.693  1290.1
456.0000      -2635.823    -2680.855       45.032  1244.2
458.0000      -2635.622    -2682.579       46.957  1297.4
460.0000      -2636.277    -2680.752       44.475  1228.8
462.0000      -2636.177    -2680.442       44.265  1223.0
464.0000      -2635.711    -2680.243       44.533  1230.4
466.0000      -2636.215    -2684.847       48.633  1343.7
468.0000      -2635.519    -2682.360       46.841  1294.2
470.0000      -2635.530    -2680.884       45.353  1253.1
472.0000      -2636.216    -2682.525       46.309  1279.5
474.0000      -2636.109    -2684.003       47.895  1323.3
476.0000      -2636.155    -2681.851       45.696  1262.6
478.0000      -2635.357    -2682.163       46.806  1293.2
480.0000      -2635.636    -2680.629       44.993  1243.2
482.0000      -2635.543    -2682.125       46.582  1287.1
484.0000      -2635.730    -2681.299       45.570  1259.1
486.0000      -2635.509    -2681.085       45.576  1259.3
488.0000      -2635.770    -2683.312       47.542  1313.6
490.0000      -2635.525    -2681.093       45.568  1259.0
492.0000      -2635.648    -2680.808       45.161  1247.8
494.0000      -2635.225    -2682.190       46.966  1297.7
496.0000      -2635.203    -2681.681       46.478  1284.2
498.0000      -2635.395    -2682.949       47.555  1313.9
500.0000      -2635.712    -2685.387       49.675  1372.5
502.0000      -2635.220    -2680.766       45.546  1258.4
504.0000      -2635.290    -2682.014       46.724  1291.0
506.0000      -2635.026    -2681.301       46.275  1278.6
508.0000      -2634.959    -2684.147       49.188  1359.1
510.0000      -2634.568    -2682.191       47.623  1315.8
512.0000      -2634.314    -2681.196       46.882  1295.3
514.0000      -2634.598    -2679.703       45.105  1246.2
516.0000      -2635.212    -2680.294       45.081  1245.6
518.0000      -2635.067    -2681.252       46.185  1276.1
520.0000      -2635.406    -2680.835       45.430  1255.2
522.0000      -2635.622    -2676.710       41.088  1135.3
524.0000      -2635.272    -2681.992       46.720  1290.9
526.0000      -2635.570    -2681.236       45.666  1261.7
528.0000      -2636.248    -2680.390       44.142  1219.6
530.0000      -2635.178    -2681.035       45.857  1267.0
532.0000      -2635.274    -2680.661       45.387  1254.0
534.0000      -2635.694    -2681.157       45.464  1256.2
536.0000      -2636.200    -2684.790       48.590  1342.5
538.0000      -2635.609    -2683.124       47.515  1312.8
540.0000      -2636.008    -2683.597       47.589  1314.9
542.0000      -2635.608    -2681.273       45.665  1261.7
544.0000      -2635.780    -2679.296       43.516  1202.4
546.0000      -2635.656    -2682.393       46.736  1291.3
548.0000      -2635.608    -2678.769       43.161  1192.5
550.0000      -2635.462    -2681.097       45.634  1260.9
552.0000      -2636.287    -2682.585       46.298  1279.2
554.0000      -2635.522    -2680.363       44.841  1239.0
556.0000      -2636.034    -2682.264       46.230  1277.3
558.0000      -2636.223    -2686.781       50.558  1396.9
560.0000      -2635.893    -2682.512       46.618  1288.1
562.0000      -2635.528    -2682.043       46.515  1285.2
564.0000      -2635.932    -2683.733       47.801  1320.7
566.0000      -2635.801    -2681.705       45.904  1268.3
568.0000      -2635.662    -2681.749       46.088  1273.4
570.0000      -2635.354    -2683.856       48.502  1340.1
572.0000      -2635.411    -2680.380       44.969  1242.5
574.0000      -2635.294    -2678.902       43.608  1204.9
576.0000      -2635.625    -2682.001       46.376  1281.4
578.0000      -2635.532    -2679.824       44.292  1223.8
580.0000      -2634.576    -2681.991       47.415  1310.1
582.0000      -2635.048    -2678.839       43.791  1209.9
584.0000      -2635.422    -2681.435       46.014  1271.4
586.0000      -2635.173    -2678.193       43.020  1188.6
588.0000      -2635.385    -2676.581       41.195  1138.2
590.0000      -2634.874    -2685.087       50.213  1387.4
592.0000      -2635.924    -2684.046       48.123  1329.6
594.0000      -2635.500    -2679.636       44.136  1219.5
596.0000      -2634.556    -2681.032       46.476  1284.1
598.0000      -2634.872    -2680.332       45.459  1256.0
600.0000      -2635.325    -2679.454       44.128  1219.3
602.0000      -2635.440    -2679.612       44.172  1220.5
604.0000      -2634.824    -2682.343       47.518  1312.9
606.0000      -2634.934    -2681.257       46.323  1279.9
608.0000      -2634.966    -2680.840       45.874  1267.5
610.0000      -2634.498    -2679.131       44.633  1233.2
612.0000      -2633.857    -2680.754       46.897  1295.8
614.0000      -2634.337    -2681.594       47.257  1305.7
616.0000      -2634.671    -2680.025       45.354  1253.1
618.0000      -2634.465    -2679.652       45.187  1248.5
620.0000      -2634.317    -2684.277       49.960  1380.4
622.0000      -2634.027    -2678.299       44.272  1223.2
624.0000      -2633.867    -2681.124       47.257  1305.7
626.0000      -2634.306    -2680.363       46.057  1272.5
628.0000      -2634.139    -2680.555       46.416  1282.5
630.0000      -2634.871    -2681.011       46.140  1274.8
632.0000      -2634.700    -2679.991       45.291  1251.4
634.0000      -2635.418    -2681.303       45.884  1267.8
636.0000      -2635.517    -2679.585       44.068  1217.6
638.0000      -2634.728    -2681.388       46.660  1289.2
640.0000      -2634.832    -2680.599       45.766  1264.5
642.0000      -2634.262    -2681.452       47.190  1303.9
644.0000      -2634.778    -2679.759       44.981  1242.8
646.0000      -2634.040    -2680.036       45.996  1270.9
648.0000      -2634.281    -2678.563       44.282  1223.5
650.0000      -2634.107    -2680.696       46.588  1287.2
652.0000      -2634.666    -2678.869       44.202  1221.3
654.0000      -2634.069    -2678.296       44.226  1222.0
656.0000      -2634.425    -2679.682       45.257  1250.4
658.0000      -2634.809    -2680.312       45.503  1257.2
660.0000      -2634.259    -2681.074       46.815  1293.5
662.0000      -2634.941    -2679.552       44.610  1232.6
664.0000      -2634.906    -2681.591       46.685  1289.9
666.0000      -2635.660    -2678.773       43.114  1191.2
668.0000      -2635.682    -2679.236       43.554  1203.4
670.0000      -2635.544    -2680.723       45.179  1248.3
672.0000      -2635.612    -2679.555       43.942  1214.1
674.0000      -2635.138    -2682.656       47.518  1312.9
676.0000      -2634.914    -2680.034       45.119  1246.6
678.0000      -2635.212    -2681.949       46.737  1291.3
680.0000      -2635.625    -2683.222       47.596  1315.1
682.0000      -2635.334    -2680.551       45.217  1249.3
684.0000      -2635.465    -2680.505       45.040  1244.4
686.0000      -2634.974    -2681.214       46.240  1277.6
688.0000      -2634.523    -2681.900       47.377  1309.0
690.0000      -2634.846    -2680.443       45.596  1259.8
692.0000      -2634.939    -2680.620       45.681  1262.2
694.0000      -2634.355    -2679.669       45.314  1252.0
696.0000      -2634.504    -2681.393       46.889  1295.5
698.0000      -2633.730    -2679.770       46.040  1272.1
700.0000      -2633.823    -2680.049       46.227  1277.2
702.0000      -2633.805    -2678.458       44.653  1233.8
704.0000      -2633.233    -2679.555       46.322  1279.9
706.0000      -2633.780    -2679.757       45.976  1270.3
708.0000      -2633.467    -2682.349       48.882  1350.6
710.0000      -2633.346    -2679.004       45.658  1261.5
712.0000      -2633.451    -2680.707       47.256  1305.7
714.0000      -2634.358    -2679.040       44.683  1234.6
716.0000      -2633.793    -2678.905       45.112  1246.4
718.0000      -2632.891    -2679.520       46.629  1288.3
720.0000      -2634.866    -2680.103       45.237  1249.9
722.0000      -2634.935    -2679.508       44.572  1231.5
724.0000      -2634.814    -2683.267       48.454  1338.8
726.0000      -2635.373    -2680.124       44.751  1236.5
728.0000      -2634.980    -2680.783       45.803  1265.5
730.0000      -2634.778    -2680.223       45.444  1255.6
732.0000      -2635.293    -2681.254       45.961  1269.9
734.0000      -2636.039    -2682.646       46.607  1287.7
736.0000      -2636.923    -2686.414       49.491  1367.4
738.0000      -2637.291    -2683.542       46.250  1277.9
740.0000      -2637.535    -2682.882       45.348  1253.0
742.0000      -2637.950    -2684.139       46.188  1276.2
744.0000      -2637.082    -2683.044       45.962  1269.9
746.0000      -2637.181    -2682.483       45.302  1251.7
748.0000      -2636.853    -2681.436       44.583  1231.8
750.0000      -2636.735    -2683.652       46.917  1296.3
752.0000      -2636.840    -2681.822       44.982  1242.8
754.0000      -2636.977    -2683.100       46.122  1274.4
756.0000      -2637.003    -2682.348       45.346  1252.9
758.0000      -2637.148    -2686.096       48.948  1352.4
760.0000      -2636.957    -2685.201       48.244  1333.0
762.0000      -2636.938    -2682.021       45.083  1245.6
764.0000      -2636.785    -2680.802       44.017  1216.2
766.0000      -2637.239    -2684.902       47.663  1316.9
768.0000      -2636.090    -2683.439       47.349  1308.2
770.0000      -2636.260    -2681.872       45.612  1260.2
772.0000      -2636.474    -2682.253       45.779  1264.9
774.0000      -2636.361    -2682.365       46.004  1271.1
776.0000      -2636.487    -2684.289       47.802  1320.8
778.0000      -2636.016    -2682.228       46.212  1276.8
780.0000      -2636.415    -2681.976       45.561  1258.8
782.0000      -2636.294    -2680.309       44.015  1216.1
784.0000      -2636.573    -2681.594       45.021  1243.9
786.0000      -2635.637    -2682.936       47.299  1306.9
788.0000      -2636.364    -2683.192       46.828  1293.9
790.0000      -2635.762    -2680.879       45.117  1246.6
792.0000      -2635.729    -2681.656       45.927  1269.0
794.0000      -2635.868    -2677.753       41.886  1157.3
796.0000      -2635.730    -2682.005       46.275  1278.6
798.0000      -2636.282    -2682.252       45.970  1270.1
800.0000      -2636.126    -2681.845       45.719  1263.2
802.0000      -2636.076    -2683.320       47.244  1305.3
804.0000      -2635.698    -2683.061       47.364  1308.6
806.0000      -2635.106    -2681.496       46.390  1281.8
808.0000      -2635.741    -2683.065       47.324  1307.6
810.0000      -2635.890    -2679.310       43.420  1199.7
812.0000      -2635.310    -2681.204       45.894  1268.0
814.0000      -2635.252    -2679.460       44.208  1221.5
816.0000      -2635.230    -2683.885       48.655  1344.3
818.0000      -2635.658    -2679.695       44.038  1216.8
820.0000      -2635.932    -2681.368       45.437  1255.4
822.0000      -2636.550    -2682.724       46.175  1275.8
824.0000      -2636.899    -2678.756       41.857  1156.5
826.0000      -2637.139    -2682.354       45.216  1249.3
828.0000      -2637.158    -2683.585       46.427  1282.8
830.0000      -2637.263    -2681.552       44.289  1223.7
832.0000      -2637.667    -2682.541       44.874  1239.9
834.0000      -2637.438    -2682.733       45.295  1251.5
836.0000      -2637.426    -2686.654       49.228  1360.2
838.0000      -2637.431    -2681.388       43.958  1214.5
840.0000      -2637.095    -2682.970       45.875  1267.5
842.0000      -2637.495    -2683.430       45.936  1269.2
844.0000      -2637.559    -2681.291       43.732  1208.3
846.0000      -2637.320    -2685.079       47.759  1319.6
848.0000      -2636.818    -2685.003       48.185  1331.4
850.0000      -2636.873    -2684.571       47.698  1317.9
852.0000      -2637.525    -2684.237       46.712  1290.6
854.0000      -2637.099    -2680.757       43.658  1206.3
856.0000      -2636.676    -2682.357       45.681  1262.2
858.0000      -2637.100    -2685.626       48.526  1340.8
860.0000      -2637.588    -2683.664       46.076  1273.1
862.0000      -2637.335    -2682.790       45.455  1255.9
864.0000      -2637.313    -2683.932       46.620  1288.1
866.0000      -2636.973    -2685.247       48.274  1333.8
868.0000      -2637.067    -2682.094       45.027  1244.1
870.0000      -2637.184    -2684.262       47.077  1300.7
872.0000      -2637.563    -2686.469       48.906  1351.3
874.0000      -2637.565    -2682.098       44.534  1230.5
876.0000      -2637.582    -2683.733       46.151  1275.1
878.0000      -2637.531    -2680.916       43.385  1198.7
880.0000      -2636.649    -2681.654       45.006  1243.5
882.0000      -2637.130    -2686.601       49.471  1366.9
884.0000      -2636.938    -2681.122       44.184  1220.8
886.0000      -2637.289    -2683.252       45.963  1270.0
888.0000      -2636.997    -2683.181       46.184  1276.1
890.0000      -2636.970    -2681.895       44.925  1241.3
892.0000      -2636.971    -2681.197       44.226  1222.0
894.0000      -2637.388    -2684.856       47.469  1311.6
896.0000      -2637.718    -2686.944       49.226  1360.1
898.0000      -2638.029    -2684.380       46.351  1280.7
900.0000      -2637.544    -2684.143       46.599  1287.5
902.0000      -2637.571    -2683.818       46.247  1277.8
904.0000      -2638.063    -2682.757       44.694  1234.9
906.0000      -2637.485    -2684.061       46.575  1286.9
908.0000      -2637.372    -2683.759       46.388  1281.7
910.0000      -2636.300    -2682.221       45.920  1268.8
912.0000      -2637.325    -2683.317       45.992  1270.8
914.0000      -2637.591    -2683.524       45.933  1269.1
916.0000      -2637.022    -2682.578       45.555  1258.7
918.0000      -2637.966    -2684.001       46.035  1271.9
920.0000      -2637.825    -2683.321       45.496  1257.1
922.0000      -2637.652    -2684.006       46.354  1280.8
924.0000      -2637.377    -2684.891       47.514  1312.8
926.0000      -2636.722    -2683.001       46.279  1278.7
928.0000      -2637.362    -2685.122       47.760  1319.6
930.0000      -2636.697    -2681.983       45.286  1251.2
932.0000      -2636.592    -2683.537       46.945  1297.1
934.0000      -2636.941    -2680.377       43.436  1200.1
936.0000      -2637.206    -2684.050       46.845  1294.3
938.0000      -2636.935    -2684.818       47.883  1323.0
940.0000      -2637.124    -2683.843       46.719  1290.8
942.0000      -2637.879    -2682.418       44.539  1230.6
944.0000      -2638.719    -2684.664       45.945  1269.4
946.0000      -2637.324    -2686.700       49.376  1364.2
948.0000      -2637.899    -2683.213       45.314  1252.0
950.0000      -2638.271    -2682.779       44.508  1229.7
952.0000      -2638.018    -2679.010       40.992  1132.6
954.0000      -2637.402    -2685.928       48.526  1340.8
956.0000      -2637.593    -2679.934       42.341  1169.9
958.0000      -2637.883    -2683.958       46.076  1273.1
960.0000      -2637.980    -2682.661       44.681  1234.5
962.0000      -2637.340    -2682.201       44.860  1239.5
964.0000      -2637.305    -2682.463       45.158  1247.7
966.0000      -2637.184    -2680.514       43.330  1197.2
968.0000      -2637.454    -2683.550       46.095  1273.6
970.0000      -2637.016    -2682.655       45.639  1261.0
972.0000      -2636.886    -2681.837       44.951  1242.0
974.0000      -2636.790    -2685.232       48.442  1338.5
976.0000      -2636.987    -2682.224       45.237  1249.9
978.0000      -2636.371    -2681.069       44.698  1235.0
980.0000      -2636.696    -2683.048       46.352  1280.7
982.0000      -2636.699    -2681.982       45.284  1251.2
984.0000      -2637.515    -2684.719       47.205  1304.3
986.0000      -2638.033    -2684.587       46.554  1286.3
988.0000      -2638.420    -2682.396       43.976  1215.1
990.0000      -2638.255    -2683.957       45.702  1262.7
992.0000      -2638.527    -2685.488       46.961  1297.5
994.0000      -2638.622    -2684.226       45.604  1260.0
996.0000      -2638.407    -2681.299       42.892  1185.1
998.0000      -2638.386    -2682.735       44.349  1225.3
1000.0000     -2638.693    -2685.429       46.736  1291.3
1002.0000     -2638.308    -2686.487       48.179  1331.2
1004.0000     -2637.901    -2681.572       43.672  1206.6
1006.0000     -2637.969    -2683.754       45.785  1265.0
1008.0000     -2638.178    -2683.505       45.327  1252.4
1010.0000     -2637.926    -2681.878       43.952  1214.4
1012.0000     -2637.035    -2681.967       44.932  1241.5
1014.0000     -2638.006    -2686.304       48.298  1334.5
1016.0000     -2638.174    -2681.511       43.337  1197.4
1018.0000     -2637.919    -2685.710       47.791  1320.5
1020.0000     -2638.488    -2684.155       45.667  1261.8
1022.0000     -2637.727    -2685.279       47.552  1313.9
1024.0000     -2637.958    -2682.875       44.918  1241.1
1026.0000     -2637.991    -2681.944       43.953  1214.4
1028.0000     -2638.476    -2686.779       48.303  1334.6
1030.0000     -2638.414    -2684.918       46.504  1284.9
1032.0000     -2637.406    -2681.565       44.159  1220.1
1034.0000     -2637.808    -2685.300       47.491  1312.2
1036.0000     -2637.323    -2680.482       43.159  1192.5
1038.0000     -2638.343    -2683.999       45.656  1261.5
1040.0000     -2637.862    -2684.397       46.535  1285.7
1042.0000     -2638.002    -2684.980       46.978  1298.0
1044.0000     -2637.650    -2682.776       45.126  1246.8
1046.0000     -2637.661    -2680.730       43.069  1190.0
1048.0000     -2636.432    -2680.916       44.484  1229.1
1050.0000     -2638.138    -2687.050       48.912  1351.4
1052.0000     -2637.853    -2682.632       44.779  1237.2
1054.0000     -2637.852    -2683.459       45.607  1260.1
1056.0000     -2637.362    -2684.747       47.385  1309.2
1058.0000     -2636.958    -2684.172       47.214  1304.5
1060.0000     -2637.217    -2683.661       46.444  1283.2
1062.0000     -2637.313    -2681.770       44.457  1228.3
1064.0000     -2637.544    -2684.446       46.902  1295.9
1066.0000     -2637.751    -2682.372       44.621  1232.9
1068.0000     -2637.580    -2685.210       47.631  1316.0
1070.0000     -2638.135    -2685.578       47.443  1310.8
1072.0000     -2638.157    -2684.612       46.455  1283.6
1074.0000     -2638.473    -2687.189       48.715  1346.0
1076.0000     -2638.531    -2685.055       46.524  1285.4
1078.0000     -2637.952    -2686.084       48.131  1329.9
1080.0000     -2638.151    -2682.690       44.539  1230.6
1082.0000     -2637.704    -2682.502       44.798  1237.8
1084.0000     -2638.031    -2681.035       43.004  1188.2
1086.0000     -2637.636    -2683.914       46.278  1278.6
1088.0000     -2637.395    -2684.801       47.407  1309.8
1090.0000     -2637.786    -2684.805       47.019  1299.1
1092.0000     -2637.642    -2685.904       48.262  1333.5
1094.0000     -2637.287    -2681.760       44.473  1228.8
1096.0000     -2637.258    -2682.157       44.900  1240.6
1098.0000     -2637.470    -2685.557       48.087  1328.6
1100.0000     -2637.519    -2682.751       45.232  1249.8
1102.0000     -2637.764    -2683.016       45.252  1250.3
1104.0000     -2637.797    -2687.013       49.216  1359.8
1106.0000     -2637.954    -2683.555       45.601  1260.0
1108.0000     -2637.743    -2680.020       42.277  1168.1
1110.0000     -2637.805    -2682.195       44.390  1226.5
1112.0000     -2637.145    -2684.295       47.150  1302.7
1114.0000     -2637.281    -2685.677       48.396  1337.2
1116.0000     -2637.157    -2682.375       45.218  1249.4
1118.0000     -2636.632    -2682.341       45.709  1262.9
1120.0000     -2636.802    -2681.551       44.749  1236.4
1122.0000     -2636.916    -2682.736       45.820  1266.0
1124.0000     -2636.391    -2685.334       48.944  1352.3
1126.0000     -2637.204    -2683.482       46.278  1278.7
1128.0000     -2637.151    -2682.539       45.389  1254.1
1130.0000     -2636.538    -2683.310       46.772  1292.3
1132.0000     -2636.954    -2683.153       46.200  1276.5
1134.0000     -2637.220    -2683.780       46.561  1286.5
1136.0000     -2637.147    -2685.977       48.830  1349.2
1138.0000     -2637.294    -2683.751       46.457  1283.6
1140.0000     -2637.581    -2682.109       44.528  1230.3
1142.0000     -2637.313    -2682.775       45.463  1256.1
1144.0000     -2637.348    -2682.711       45.363  1253.4
1146.0000     -2637.198    -2684.171       46.974  1297.9
1148.0000     -2637.273    -2681.901       44.628  1233.1
1150.0000     -2637.496    -2683.250       45.754  1264.2
1152.0000     -2637.315    -2683.415       46.101  1273.7
1154.0000     -2637.950    -2688.015       50.065  1383.3
1156.0000     -2638.032    -2681.665       43.632  1205.5
1158.0000     -2637.602    -2685.900       48.299  1334.5
1160.0000     -2638.268    -2684.402       46.134  1274.7
1162.0000     -2638.356    -2688.664       50.308  1390.0
1164.0000     -2637.839    -2683.169       45.331  1252.5
1166.0000     -2637.933    -2685.002       47.069  1300.5
1168.0000     -2638.036    -2685.794       47.757  1319.5
1170.0000     -2637.350    -2684.077       46.727  1291.0
1172.0000     -2638.529    -2684.885       46.356  1280.8
1174.0000     -2638.600    -2683.622       45.022  1243.9
1176.0000     -2637.800    -2685.071       47.271  1306.1
1178.0000     -2638.104    -2685.515       47.411  1310.0
1180.0000     -2638.582    -2685.608       47.026  1299.3
1182.0000     -2638.302    -2682.089       43.787  1209.8
1184.0000     -2638.622    -2685.515       46.893  1295.7
1186.0000     -2638.873    -2684.793       45.920  1268.8
1188.0000     -2638.504    -2684.731       46.227  1277.2
1190.0000     -2639.100    -2684.750       45.650  1261.3
1192.0000     -2638.986    -2684.385       45.399  1254.4
1194.0000     -2639.245    -2686.088       46.843  1294.3
1196.0000     -2638.757    -2684.679       45.923  1268.8
1198.0000     -2638.128    -2688.079       49.950  1380.1
1200.0000     -2638.803    -2683.597       44.794  1237.6
1202.0000     -2638.437    -2680.784       42.348  1170.1
1204.0000     -2638.509    -2685.226       46.717  1290.8
1206.0000     -2638.382    -2685.126       46.745  1291.5
1208.0000     -2637.996    -2684.152       46.156  1275.3
1210.0000     -2637.679    -2684.636       46.957  1297.4
1212.0000     -2638.083    -2683.747       45.664  1261.7
1214.0000     -2638.131    -2686.290       48.159  1330.6
1216.0000     -2637.996    -2684.583       46.587  1287.2
1218.0000     -2638.009    -2686.962       48.954  1352.6
1220.0000     -2638.532    -2687.977       49.445  1366.1
1222.0000     -2638.250    -2685.315       47.065  1300.4
1224.0000     -2638.277    -2684.067       45.790  1265.2
1226.0000     -2638.097    -2681.221       43.124  1191.5
1228.0000     -2637.503    -2683.634       46.131  1274.6
1230.0000     -2637.819    -2680.980       43.160  1192.5
1232.0000     -2637.907    -2685.207       47.301  1306.9
1234.0000     -2637.420    -2680.491       43.071  1190.1
1236.0000     -2638.323    -2683.969       45.645  1261.2
1238.0000     -2638.528    -2682.521       43.993  1215.5
1240.0000     -2638.162    -2685.151       46.989  1298.3
1242.0000     -2638.438    -2685.913       47.475  1311.7
1244.0000     -2638.197    -2684.889       46.693  1290.1
1246.0000     -2637.920    -2680.866       42.946  1186.6
1248.0000     -2638.424    -2685.117       46.693  1290.1
1250.0000     -2638.498    -2688.869       50.371  1391.7
1252.0000     -2637.815    -2685.714       47.899  1323.4
1254.0000     -2637.264    -2684.348       47.084  1300.9
1256.0000     -2637.187    -2684.702       47.515  1312.8
1258.0000     -2637.760    -2684.892       47.132  1302.3
1260.0000     -2637.684    -2682.640       44.956  1242.1
1262.0000     -2638.056    -2684.639       46.583  1287.1
1264.0000     -2638.320    -2685.073       46.752  1291.8
1266.0000     -2637.875    -2684.759       46.883  1295.4
1268.0000     -2638.159    -2683.195       45.036  1244.3
1270.0000     -2638.053    -2682.070       44.017  1216.2
1272.0000     -2637.998    -2683.839       45.841  1266.6
1274.0000     -2637.961    -2682.913       44.952  1242.0
1276.0000     -2638.031    -2683.035       45.004  1243.4
1278.0000     -2638.491    -2686.241       47.749  1319.3
1280.0000     -2638.311    -2686.138       47.827  1321.4
1282.0000     -2638.539    -2688.404       49.865  1377.8
1284.0000     -2638.041    -2683.691       45.650  1261.3
1286.0000     -2638.209    -2684.441       46.232  1277.4
1288.0000     -2637.555    -2684.467       46.912  1296.2
1290.0000     -2637.854    -2683.395       45.541  1258.3
1292.0000     -2637.766    -2686.538       48.772  1347.5
1294.0000     -2638.048    -2686.210       48.162  1330.7
1296.0000     -2637.832    -2682.773       44.941  1241.7
1298.0000     -2637.958    -2682.333       44.375  1226.1
1300.0000     -2637.606    -2682.378       44.772  1237.0
1302.0000     -2637.588    -2683.507       45.919  1268.7
1304.0000     -2637.560    -2684.384       46.825  1293.8
1306.0000     -2637.308    -2683.359       46.051  1272.4
1308.0000     -2637.406    -2683.561       46.155  1275.3
1310.0000     -2637.622    -2683.611       45.989  1270.7
1312.0000     -2637.583    -2682.364       44.780  1237.3
1314.0000     -2637.111    -2684.791       47.680  1317.4
1316.0000     -2637.405    -2682.864       45.458  1256.0
1318.0000     -2637.339    -2682.804       45.465  1256.2
1320.0000     -2637.155    -2682.742       45.587  1259.6
1322.0000     -2637.773    -2683.534       45.761  1264.4
1324.0000     -2637.851    -2683.388       45.537  1258.2
1326.0000     -2638.805    -2687.022       48.217  1332.2
1328.0000     -2638.863    -2687.136       48.273  1333.8
1330.0000     -2638.797    -2685.712       46.915  1296.2
1332.0000     -2638.725    -2685.252       46.527  1285.5
1334.0000     -2638.455    -2684.597       46.142  1274.9
1336.0000     -2638.515    -2685.336       46.821  1293.7
1338.0000     -2638.677    -2681.465       42.789  1182.2
1340.0000     -2638.392    -2682.354       43.962  1214.7
1342.0000     -2638.707    -2682.367       43.660  1206.3
1344.0000     -2638.423    -2686.802       48.380  1336.7
1346.0000     -2638.741    -2684.154       45.413  1254.8
1348.0000     -2637.804    -2684.696       46.892  1295.6
1350.0000     -2638.253    -2683.777       45.523  1257.8
1352.0000     -2638.177    -2685.772       47.595  1315.0
1354.0000     -2638.632    -2685.870       47.238  1305.2
1356.0000     -2639.372    -2685.864       46.492  1284.6
1358.0000     -2638.578    -2684.904       46.327  1280.0
1360.0000     -2638.004    -2683.975       45.971  1270.2
1362.0000     -2638.094    -2682.197       44.103  1218.6
1364.0000     -2638.820    -2685.814       46.994  1298.4
1366.0000     -2639.099    -2684.264       45.165  1247.9
1368.0000     -2638.864    -2684.917       46.053  1272.4
1370.0000     -2638.734    -2684.240       45.506  1257.3
1372.0000     -2638.310    -2685.860       47.550  1313.8
1374.0000     -2637.968    -2683.449       45.482  1256.6
1376.0000     -2637.080    -2681.842       44.761  1236.8
1378.0000     -2636.595    -2683.971       47.375  1309.0
1380.0000     -2636.821    -2682.521       45.700  1262.7
1382.0000     -2636.825    -2681.583       44.758  1236.6
1384.0000     -2638.002    -2684.303       46.302  1279.3
1386.0000     -2637.863    -2681.167       43.304  1196.5
1388.0000     -2637.744    -2684.944       47.200  1304.1
1390.0000     -2638.395    -2683.301       44.906  1240.7
1392.0000     -2638.076    -2682.274       44.198  1221.2
1394.0000     -2637.575    -2685.168       47.594  1315.0
1396.0000     -2637.077    -2685.575       48.498  1340.0
1398.0000     -2637.298    -2682.874       45.576  1259.3
1400.0000     -2637.052    -2687.205       50.153  1385.7
1402.0000     -2636.606    -2681.494       44.888  1240.3
1404.0000     -2636.994    -2683.431       46.437  1283.1
1406.0000     -2635.986    -2679.578       43.593  1204.5
1408.0000     -2636.653    -2680.008       43.355  1197.9
1410.0000     -2636.830    -2683.026       46.196  1276.4
1412.0000     -2636.007    -2682.482       46.475  1284.1
1414.0000     -2635.389    -2684.261       48.872  1350.3
1416.0000     -2635.394    -2682.598       47.204  1304.2
1418.0000     -2636.239    -2685.570       49.332  1363.0
1420.0000     -2636.099    -2683.762       47.663  1316.9
1422.0000     -2636.180    -2682.947       46.767  1292.2
1424.0000     -2636.076    -2682.321       46.245  1277.8
1426.0000     -2636.438    -2682.741       46.303  1279.3
1428.0000     -2637.768    -2684.710       46.942  1297.0
1430.0000     -2637.890    -2682.815       44.924  1241.2
1432.0000     -2637.822    -2682.043       44.221  1221.8
1434.0000     -2637.656    -2683.271       45.615  1260.3
1436.0000     -2637.473    -2684.424       46.951  1297.2
1438.0000     -2638.115    -2683.708       45.593  1259.7
1440.0000     -2637.855    -2684.620       46.765  1292.1
1442.0000     -2637.688    -2682.675       44.988  1243.0
1444.0000     -2636.510    -2681.713       45.203  1249.0
1446.0000     -2637.849    -2684.110       46.261  1278.2
1448.0000     -2637.730    -2682.403       44.672  1234.3
1450.0000     -2637.252    -2682.834       45.583  1259.4
1452.0000     -2637.607    -2684.654       47.047  1299.9
1454.0000     -2637.370    -2684.150       46.780  1292.5
1456.0000     -2636.893    -2683.988       47.095  1301.2
1458.0000     -2637.425    -2682.626       45.201  1248.9
1460.0000     -2637.491    -2684.516       47.025  1299.3
1462.0000     -2637.078    -2685.331       48.253  1333.2
1464.0000     -2637.233    -2683.814       46.582  1287.0
1466.0000     -2637.248    -2680.707       43.459  1200.8
1468.0000     -2637.096    -2680.064       42.968  1187.2
1470.0000     -2637.296    -2683.452       46.156  1275.3
1472.0000     -2637.063    -2682.931       45.868  1267.3
1474.0000     -2636.260    -2683.255       46.995  1298.5
1476.0000     -2636.269    -2682.916       46.646  1288.8
1478.0000     -2636.768    -2680.055       43.287  1196.0
1480.0000     -2636.872    -2682.225       45.353  1253.1
1482.0000     -2637.739    -2682.651       44.912  1240.9
1484.0000     -2637.558    -2685.112       47.554  1313.9
1486.0000     -2637.555    -2683.436       45.881  1267.7
1488.0000     -2637.721    -2683.403       45.682  1262.2
1490.0000     -2637.358    -2682.646       45.288  1251.3
1492.0000     -2638.021    -2683.080       45.059  1245.0
1494.0000     -2638.115    -2681.663       43.547  1203.2
1496.0000     -2636.981    -2682.479       45.497  1257.1
1498.0000     -2637.763    -2684.146       46.383  1281.5
1500.0000     -2637.999    -2680.885       42.886  1184.9
1502.0000     -2636.976    -2684.056       47.080  1300.8
1504.0000     -2637.309    -2683.663       46.354  1280.8
1506.0000     -2637.459    -2683.007       45.548  1258.5
1508.0000     -2637.229    -2683.090       45.860  1267.1
1510.0000     -2637.707    -2687.209       49.502  1367.7
1512.0000     -2636.737    -2683.327       46.590  1287.3
1514.0000     -2637.488    -2684.774       47.286  1306.5
1516.0000     -2637.177    -2683.394       46.217  1277.0
1518.0000     -2636.713    -2680.943       44.229  1222.1
1520.0000     -2637.048    -2684.446       47.398  1309.6
1522.0000     -2637.039    -2680.270       43.231  1194.5
1524.0000     -2638.376    -2685.330       46.954  1297.3
1526.0000     -2638.862    -2682.700       43.839  1211.3
1528.0000     -2639.597    -2686.338       46.741  1291.5
1530.0000     -2639.977    -2685.446       45.469  1256.3
1532.0000     -2639.870    -2685.570       45.700  1262.7
1534.0000     -2640.197    -2686.324       46.126  1274.5
1536.0000     -2639.568    -2687.102       47.534  1313.4
1538.0000     -2639.626    -2684.874       45.248  1250.2
1540.0000     -2640.290    -2686.771       46.481  1284.3
1542.0000     -2639.390    -2684.368       44.978  1242.7
1544.0000     -2639.874    -2688.474       48.600  1342.8
1546.0000     -2639.290    -2684.183       44.893  1240.4
1548.0000     -2638.679    -2684.323       45.645  1261.2
1550.0000     -2640.001    -2685.035       45.034  1244.3
1552.0000     -2640.093    -2688.171       48.078  1328.4
1554.0000     -2640.036    -2685.070       45.034  1244.3
1556.0000     -2640.524    -2686.178       45.654  1261.4
1558.0000     -2640.315    -2683.398       43.082  1190.4
1560.0000     -2640.085    -2685.269       45.184  1248.4
1562.0000     -2639.745    -2685.217       45.472  1256.4
1564.0000     -2640.382    -2687.830       47.448  1311.0
1566.0000     -2640.093    -2688.084       47.992  1326.0
1568.0000     -2640.148    -2686.282       46.134  1274.7
1570.0000     -2640.508    -2685.997       45.489  1256.8
1572.0000     -2640.608    -2686.573       45.965  1270.0
1574.0000     -2640.128    -2687.835       47.707  1318.1
1576.0000     -2639.443    -2687.612       48.169  1330.9
1578.0000     -2639.734    -2684.594       44.859  1239.5
1580.0000     -2639.895    -2686.750       46.855  1294.6
1582.0000     -2639.374    -2684.318       44.943  1241.8
1584.0000     -2640.179    -2685.559       45.380  1253.8
1586.0000     -2639.910    -2687.830       47.920  1324.0
1588.0000     -2640.256    -2686.920       46.665  1289.3
1590.0000     -2638.847    -2687.178       48.331  1335.4
1592.0000     -2639.164    -2687.115       47.951  1324.9
1594.0000     -2638.882    -2682.340       43.459  1200.8
1596.0000     -2638.857    -2682.079       43.222  1194.2
1598.0000     -2639.306    -2685.271       45.965  1270.0
1600.0000     -2639.416    -2684.426       45.010  1243.6
1602.0000     -2638.537    -2684.990       46.453  1283.5
1604.0000     -2639.421    -2686.498       47.077  1300.7
1606.0000     -2639.041    -2685.806       46.766  1292.1
1608.0000     -2639.019    -2686.050       47.031  1299.4
1610.0000     -2639.985    -2688.471       48.486  1339.7
1612.0000     -2638.940    -2684.979       46.039  1272.1
1614.0000     -2638.804    -2684.813       46.009  1271.2
1616.0000     -2639.342    -2686.467       47.125  1302.1
1618.0000     -2638.293    -2684.449       46.156  1275.3
1620.0000     -2638.672    -2687.502       48.829  1349.1
1622.0000     -2638.721    -2684.373       45.652  1261.4
1624.0000     -2636.920    -2681.864       44.944  1241.8
1626.0000     -2637.977    -2685.911       47.933  1324.4
1628.0000     -2638.526    -2684.482       45.956  1269.7
1630.0000     -2639.111    -2685.412       46.301  1279.3
1632.0000     -2638.578    -2684.049       45.471  1256.4
1634.0000     -2638.984    -2685.997       47.013  1299.0
1636.0000     -2638.734    -2686.053       47.319  1307.4
1638.0000     -2638.535    -2687.706       49.171  1358.6
1640.0000     -2639.118    -2686.390       47.272  1306.1
1642.0000     -2638.888    -2685.627       46.739  1291.4
1644.0000     -2639.195    -2684.433       45.238  1249.9
1646.0000     -2639.882    -2688.021       48.139  1330.1
1648.0000     -2639.185    -2688.247       49.062  1355.6
1650.0000     -2639.319    -2684.660       45.341  1252.8
1652.0000     -2639.603    -2684.749       45.146  1247.4
1654.0000     -2639.953    -2686.439       46.486  1284.4
1656.0000     -2640.045    -2688.173       48.128  1329.8
1658.0000     -2639.749    -2687.621       47.872  1322.7
1660.0000     -2639.824    -2687.119       47.295  1306.8
1662.0000     -2639.962    -2683.858       43.896  1212.8
1664.0000     -2640.103    -2686.751       46.648  1288.9
1666.0000     -2639.649    -2686.055       46.406  1282.2
1668.0000     -2639.450    -2687.774       48.324  1335.2
1670.0000     -2639.548    -2685.096       45.548  1258.5
1672.0000     -2638.852    -2682.399       43.546  1203.2
1674.0000     -2639.888    -2684.928       45.040  1244.4
1676.0000     -2639.565    -2688.541       48.977  1353.2
1678.0000     -2639.296    -2682.401       43.105  1191.0
1680.0000     -2638.888    -2686.557       47.668  1317.1
1682.0000     -2639.056    -2686.965       47.909  1323.7
1684.0000     -2639.155    -2685.354       46.198  1276.5
1686.0000     -2639.532    -2687.783       48.252  1333.2
1688.0000     -2638.528    -2684.272       45.744  1263.9
1690.0000     -2637.777    -2681.355       43.579  1204.1
1692.0000     -2638.009    -2683.422       45.413  1254.8
1694.0000     -2638.257    -2685.574       47.318  1307.4
1696.0000     -2638.251    -2685.669       47.419  1310.2
1698.0000     -2637.276    -2685.306       48.030  1327.1
1700.0000     -2638.199    -2683.583       45.383  1253.9
1702.0000     -2638.626    -2682.378       43.751  1208.8
1704.0000     -2639.083    -2686.482       47.399  1309.6
1706.0000     -2638.003    -2680.653       42.650  1178.4
1708.0000     -2638.290    -2680.525       42.235  1166.9
1710.0000     -2638.097    -2684.633       46.536  1285.8
1712.0000     -2639.778    -2685.974       46.196  1276.4
1714.0000     -2639.544    -2685.325       45.780  1264.9
1716.0000     -2639.405    -2683.947       44.542  1230.7
1718.0000     -2639.993    -2684.502       44.508  1229.8
1720.0000     -2639.818    -2686.119       46.301  1279.3
1722.0000     -2640.103    -2685.508       45.406  1254.5
1724.0000     -2639.495    -2686.905       47.410  1309.9
1726.0000     -2639.902    -2685.406       45.504  1257.3
1728.0000     -2640.832    -2684.726       43.894  1212.8
1730.0000     -2639.600    -2685.030       45.430  1255.2
1732.0000     -2639.360    -2685.427       46.067  1272.8
1734.0000     -2639.118    -2684.824       45.706  1262.8
1736.0000     -2639.617    -2683.755       44.138  1219.5
1738.0000     -2639.188    -2685.523       46.335  1280.2
1740.0000     -2639.370    -2685.384       46.014  1271.4
1742.0000     -2639.616    -2684.851       45.235  1249.8
1744.0000     -2639.724    -2686.878       47.153  1302.8
1746.0000     -2639.157    -2685.965       46.808  1293.3
1748.0000     -2639.125    -2683.462       44.337  1225.0
1750.0000     -2638.671    -2685.328       46.657  1289.1
1752.0000     -2638.756    -2685.276       46.519  1285.3
1754.0000     -2640.024    -2686.711       46.687  1290.0
1756.0000     -2639.337    -2685.255       45.917  1268.7
1758.0000     -2640.253    -2685.066       44.813  1238.2
1760.0000     -2639.817    -2687.173       47.356  1308.4
1762.0000     -2640.233    -2686.806       46.573  1286.8
1764.0000     -2640.084    -2685.887       45.803  1265.5
1766.0000     -2639.920    -2687.343       47.423  1310.3
1768.0000     -2639.816    -2687.506       47.690  1317.7
1770.0000     -2640.153    -2683.970       43.817  1210.7
1772.0000     -2639.995    -2688.430       48.435  1338.3
1774.0000     -2639.977    -2688.859       48.881  1350.6
1776.0000     -2640.675    -2687.098       46.423  1282.7
1778.0000     -2640.153    -2682.822       42.668  1178.9
1780.0000     -2640.133    -2688.181       48.048  1327.6
1782.0000     -2640.175    -2686.843       46.668  1289.4
1784.0000     -2639.738    -2687.521       47.783  1320.2
1786.0000     -2639.317    -2686.641       47.324  1307.5
1788.0000     -2639.404    -2686.453       47.050  1300.0
1790.0000     -2638.415    -2685.133       46.718  1290.8
1792.0000     -2639.184    -2685.299       46.116  1274.2
1794.0000     -2639.469    -2686.374       46.905  1296.0
1796.0000     -2639.476    -2684.263       44.787  1237.5
1798.0000     -2639.315    -2688.020       48.705  1345.7
1800.0000     -2639.424    -2684.812       45.388  1254.1
1802.0000     -2639.164    -2685.565       46.401  1282.0
1804.0000     -2638.722    -2688.300       49.578  1369.8
1806.0000     -2638.146    -2684.548       46.402  1282.1
1808.0000     -2638.764    -2682.226       43.462  1200.8
1810.0000     -2639.106    -2685.447       46.341  1280.4
1812.0000     -2638.771    -2685.173       46.402  1282.1
1814.0000     -2638.589    -2684.518       45.929  1269.0
1816.0000     -2638.382    -2684.772       46.390  1281.7
1818.0000     -2639.173    -2684.323       45.150  1247.5
1820.0000     -2639.230    -2686.859       47.629  1316.0
1822.0000     -2638.986    -2683.713       44.727  1235.8
1824.0000     -2639.169    -2684.508       45.339  1252.7
1826.0000     -2639.421    -2683.425       44.004  1215.8
1828.0000     -2639.555    -2683.833       44.278  1223.4
1830.0000     -2639.557    -2684.214       44.657  1233.9
1832.0000     -2639.714    -2686.342       46.628  1288.3
1834.0000     -2639.571    -2686.115       46.544  1286.0
1836.0000     -2640.134    -2689.580       49.446  1366.2
1838.0000     -2639.803    -2686.682       46.879  1295.3
1840.0000     -2639.682    -2686.002       46.320  1279.8
1842.0000     -2639.615    -2684.421       44.806  1238.0
1844.0000     -2639.625    -2684.481       44.856  1239.4
1846.0000     -2638.492    -2684.155       45.663  1261.7
1848.0000     -2638.913    -2685.873       46.960  1297.5
1850.0000     -2638.418    -2683.110       44.692  1234.8
1852.0000     -2638.869    -2682.942       44.073  1217.7
1854.0000     -2638.899    -2681.405       42.506  1174.4
1856.0000     -2639.052    -2685.141       46.090  1273.5
1858.0000     -2638.801    -2685.687       46.886  1295.4
1860.0000     -2639.596    -2686.056       46.460  1283.7
1862.0000     -2639.464    -2685.139       45.675  1262.0
1864.0000     -2638.935    -2685.820       46.886  1295.4
1866.0000     -2637.592    -2683.183       45.591  1259.7
1868.0000     -2636.997    -2680.268       43.271  1195.6
1870.0000     -2638.995    -2684.528       45.533  1258.1
1872.0000     -2639.667    -2684.777       45.110  1246.4
1874.0000     -2639.114    -2683.632       44.519  1230.0
1876.0000     -2638.778    -2686.302       47.524  1313.1
1878.0000     -2639.289    -2688.770       49.481  1367.2
1880.0000     -2638.811    -2684.647       45.836  1266.4
1882.0000     -2639.188    -2684.831       45.642  1261.1
1884.0000     -2638.946    -2688.715       49.769  1375.1
1886.0000     -2638.498    -2687.487       48.990  1353.6
1888.0000     -2637.818    -2683.833       46.015  1271.4
1890.0000     -2638.290    -2686.157       47.867  1322.5
1892.0000     -2639.486    -2687.124       47.637  1316.2
1894.0000     -2639.564    -2685.760       46.196  1276.4
1896.0000     -2639.667    -2686.805       47.138  1302.4
1898.0000     -2639.799    -2686.624       46.825  1293.8
1900.0000     -2639.553    -2684.089       44.537  1230.5
1902.0000     -2639.646    -2684.231       44.586  1231.9
1904.0000     -2639.631    -2685.787       46.156  1275.3
1906.0000     -2639.476    -2683.780       44.304  1224.1
1908.0000     -2639.040    -2684.383       45.343  1252.8
1910.0000     -2638.199    -2681.229       43.030  1188.9
1912.0000     -2638.705    -2680.947       42.241  1167.1
1914.0000     -2639.378    -2685.654       46.276  1278.6
1916.0000     -2638.759    -2685.589       46.830  1293.9
1918.0000     -2638.944    -2683.575       44.631  1233.2
1920.0000     -2638.740    -2686.287       47.548  1313.7
1922.0000     -2638.528    -2685.151       46.623  1288.2
1924.0000     -2638.255    -2685.612       47.357  1308.5
1926.0000     -2639.209    -2686.679       47.470  1311.6
1928.0000     -2640.023    -2682.689       42.666  1178.9
1930.0000     -2640.333    -2688.405       48.072  1328.2
1932.0000     -2639.835    -2686.440       46.605  1287.7
1934.0000     -2640.171    -2688.589       48.418  1337.8
1936.0000     -2639.556    -2683.256       43.699  1207.4
1938.0000     -2639.465    -2684.069       44.604  1232.4
1940.0000     -2639.842    -2685.979       46.137  1274.8
1942.0000     -2639.955    -2682.294       42.340  1169.8
1944.0000     -2639.173    -2686.227       47.053  1300.1
1946.0000     -2639.239    -2687.087       47.847  1322.0
1948.0000     -2639.281    -2682.211       42.930  1186.2
1950.0000     -2639.248    -2687.386       48.138  1330.1
1952.0000     -2638.986    -2685.830       46.844  1294.3
1954.0000     -2639.354    -2684.687       45.333  1252.5
1956.0000     -2639.397    -2683.317       43.921  1213.5
1958.0000     -2639.906    -2687.815       47.909  1323.7
1960.0000     -2639.992    -2687.282       47.290  1306.6
1962.0000     -2639.854    -2682.627       42.773  1181.8
1964.0000     -2640.042    -2687.668       47.626  1315.9
1966.0000     -2640.146    -2685.405       45.259  1250.5
1968.0000     -2640.165    -2685.778       45.614  1260.3
1970.0000     -2639.810    -2687.415       47.605  1315.3
1972.0000     -2640.117    -2685.770       45.653  1261.4
1974.0000     -2640.524    -2687.676       47.152  1302.8
1976.0000     -2640.436    -2687.392       46.956  1297.4
1978.0000     -2640.506    -2690.630       50.124  1384.9
1980.0000     -2639.964    -2683.103       43.139  1191.9
1982.0000     -2639.696    -2684.270       44.574  1231.6
1984.0000     -2639.905    -2684.498       44.593  1232.1
1986.0000     -2639.773    -2686.942       47.169  1303.3
1988.0000     -2640.186    -2688.514       48.328  1335.3
1990.0000     -2639.309    -2684.346       45.037  1244.4
1992.0000     -2639.262    -2685.349       46.088  1273.4
1994.0000     -2640.348    -2687.039       46.692  1290.1
1996.0000     -2640.344    -2684.660       44.317  1224.5
1998.0000     -2639.733    -2688.517       48.783  1347.9
2000.0000     -2640.633    -2685.017       44.384  1226.3
2002.0000     -2640.034    -2685.584       45.550  1258.5
2004.0000     -2640.059    -2687.451       47.392  1309.4
2006.0000     -2639.999    -2686.222       46.224  1277.2
2008.0000     -2640.461    -2686.899       46.438  1283.1
2010.0000     -2640.391    -2689.580       49.189  1359.1
2012.0000     -2640.833    -2686.524       45.691  1262.4
2014.0000     -2640.505    -2686.361       45.856  1267.0
2016.0000     -2640.681    -2684.544       43.863  1211.9
2018.0000     -2640.070    -2683.127       43.057  1189.7
2020.0000     -2640.105    -2683.173       43.068  1190.0
2022.0000     -2640.446    -2685.609       45.162  1247.8
2024.0000     -2640.002    -2687.886       47.884  1323.0
2026.0000     -2640.120    -2687.774       47.655  1316.7
2028.0000     -2639.678    -2685.155       45.477  1256.5
2030.0000     -2640.006    -2686.532       46.527  1285.5
2032.0000     -2640.065    -2686.391       46.326  1280.0
2034.0000     -2640.299    -2686.266       45.967  1270.1
2036.0000     -2640.535    -2687.459       46.924  1296.5
2038.0000     -2639.772    -2685.233       45.461  1256.1
2040.0000     -2639.743    -2684.885       45.142  1247.3
2042.0000     -2640.117    -2685.103       44.986  1243.0
2044.0000     -2640.317    -2685.090       44.773  1237.1
2046.0000     -2640.023    -2685.998       45.975  1270.3
2048.0000     -2640.275    -2686.301       46.026  1271.7
2050.0000     -2639.510    -2686.190       46.680  1289.8
2052.0000     -2639.502    -2683.285       43.783  1209.7
2054.0000     -2639.522    -2687.192       47.670  1317.1
2056.0000     -2640.218    -2686.487       46.269  1278.4
2058.0000     -2639.805    -2685.816       46.011  1271.3
2060.0000     -2639.852    -2687.417       47.566  1314.2
2062.0000     -2639.377    -2685.940       46.563  1286.5
2064.0000     -2638.994    -2684.936       45.942  1269.4
2066.0000     -2639.368    -2684.136       44.768  1236.9
